\\psf\Home\Downloads\MasterMind-2\MasterMind\Release\cl.command.1.tlog
\\psf\Home\Downloads\MasterMind-2\MasterMind\Release\CL.read.1.tlog
\\psf\Home\Downloads\MasterMind-2\MasterMind\Release\CL.write.1.tlog
\\psf\Home\Downloads\MasterMind-2\MasterMind\Release\functions.obj
\\psf\Home\Downloads\MasterMind-2\MasterMind\Release\link.command.1.tlog
\\psf\Home\Downloads\MasterMind-2\MasterMind\Release\link.read.1.tlog
\\psf\Home\Downloads\MasterMind-2\MasterMind\Release\link.write.1.tlog
\\psf\Home\Downloads\MasterMind-2\MasterMind\Release\MasterMind.exe.intermediate.manifest
\\psf\Home\Downloads\MasterMind-2\MasterMind\Release\Mastermind.obj
\\psf\Home\Downloads\MasterMind-2\MasterMind\Release\MasterMind.vcxprojResolveAssemblyReference.cache
\\psf\Home\Downloads\MasterMind-2\MasterMind\Release\MasterMind.write.1.tlog
\\psf\Home\Downloads\MasterMind-2\MasterMind\Release\menu.obj
\\psf\Home\Downloads\MasterMind-2\MasterMind\Release\mt.command.1.tlog
\\psf\Home\Downloads\MasterMind-2\MasterMind\Release\mt.read.1.tlog
\\psf\Home\Downloads\MasterMind-2\MasterMind\Release\mt.write.1.tlog
\\psf\Home\Downloads\MasterMind-2\MasterMind\Release\utilities.obj
\\psf\Home\Downloads\MasterMind-2\MasterMind\Release\vc100.pdb
\\psf\Home\Downloads\MasterMind-2\MasterMind\Release\vc120.pdb
\\psf\Home\Downloads\MasterMind-2\Release\MasterMind.pdb
C:\USERS\PAWEL_000\DESKTOP\MASTERMIND\MASTERMIND\RELEASE\MASTERMIND.EXE.INTERMEDIATE.MANIFEST
C:\USERS\PAWEL_000\DESKTOP\MASTERMIND\MASTERMIND\RELEASE\MASTERMIND.OBJ
C:\USERS\PAWEL_000\DESKTOP\MASTERMIND\MASTERMIND\RELEASE\UTILITIES.OBJ
C:\USERS\PAWEL_000\DESKTOP\MASTERMIND\MASTERMIND\RELEASE\VC100.PDB
C:\USERS\PAWEL_000\DESKTOP\MASTERMIND\RELEASE\MASTERMIND.EXE
C:\USERS\PAWEL_000\DESKTOP\MASTERMIND\RELEASE\MASTERMIND.PDB
D:\YEAR 2\PROCEDURAL PROGRAMING\MASTERMIND\MASTERMIND\RELEASE\FUNCTIONS.OBJ
D:\YEAR 2\PROCEDURAL PROGRAMING\MASTERMIND\MASTERMIND\RELEASE\MASTERMIND.EXE.INTERMEDIATE.MANIFEST
D:\YEAR 2\PROCEDURAL PROGRAMING\MASTERMIND\MASTERMIND\RELEASE\MASTERMIND.OBJ
D:\YEAR 2\PROCEDURAL PROGRAMING\MASTERMIND\MASTERMIND\RELEASE\MENU.OBJ
D:\YEAR 2\PROCEDURAL PROGRAMING\MASTERMIND\MASTERMIND\RELEASE\VC100.PDB
D:\YEAR 2\PROCEDURAL PROGRAMING\MASTERMIND\RELEASE\MASTERMIND.EXE
D:\YEAR 2\PROCEDURAL PROGRAMING\MASTERMIND\RELEASE\MASTERMIND.PDB
E:\YEAR 2\PROCEDURAL PROGRAMING\MASTERMIND\MASTERMIND\RELEASE\FUNCTIONS.OBJ
E:\YEAR 2\PROCEDURAL PROGRAMING\MASTERMIND\MASTERMIND\RELEASE\MASTERMIND.EXE.INTERMEDIATE.MANIFEST
E:\YEAR 2\PROCEDURAL PROGRAMING\MASTERMIND\MASTERMIND\RELEASE\MASTERMIND.OBJ
E:\YEAR 2\PROCEDURAL PROGRAMING\MASTERMIND\MASTERMIND\RELEASE\MENU.OBJ
E:\YEAR 2\PROCEDURAL PROGRAMING\MASTERMIND\MASTERMIND\RELEASE\VC100.PDB
E:\YEAR 2\PROCEDURAL PROGRAMING\MASTERMIND\RELEASE\MASTERMIND.EXE
E:\YEAR 2\PROCEDURAL PROGRAMING\MASTERMIND\RELEASE\MASTERMIND.PDB
I:\YEAR 2\PROCEDURAL PROGRAMING\MASTERMIND\MASTERMIND\RELEASE\FUNCTIONS.OBJ
I:\YEAR 2\PROCEDURAL PROGRAMING\MASTERMIND\MASTERMIND\RELEASE\MASTERMIND.EXE.INTERMEDIATE.MANIFEST
I:\YEAR 2\PROCEDURAL PROGRAMING\MASTERMIND\MASTERMIND\RELEASE\MASTERMIND.OBJ
I:\YEAR 2\PROCEDURAL PROGRAMING\MASTERMIND\MASTERMIND\RELEASE\MENU.OBJ
I:\YEAR 2\PROCEDURAL PROGRAMING\MASTERMIND\MASTERMIND\RELEASE\VC100.PDB
I:\YEAR 2\PROCEDURAL PROGRAMING\MASTERMIND\RELEASE\MASTERMIND.EXE
I:\YEAR 2\PROCEDURAL PROGRAMING\MASTERMIND\RELEASE\MASTERMIND.PDB
J:\YEAR 2\PROCEDURAL PROGRAMING\MASTERMIND\MASTERMIND\RELEASE\FUNCTIONS.OBJ
J:\YEAR 2\PROCEDURAL PROGRAMING\MASTERMIND\MASTERMIND\RELEASE\MASTERMIND.EXE.INTERMEDIATE.MANIFEST
J:\YEAR 2\PROCEDURAL PROGRAMING\MASTERMIND\MASTERMIND\RELEASE\MASTERMIND.OBJ
J:\YEAR 2\PROCEDURAL PROGRAMING\MASTERMIND\MASTERMIND\RELEASE\MENU.OBJ
J:\YEAR 2\PROCEDURAL PROGRAMING\MASTERMIND\MASTERMIND\RELEASE\VC100.PDB
J:\YEAR 2\PROCEDURAL PROGRAMING\MASTERMIND\RELEASE\MASTERMIND.EXE
J:\YEAR 2\PROCEDURAL PROGRAMING\MASTERMIND\RELEASE\MASTERMIND.PDB
